0 info it worked if it ends with ok
1 verbose cli [ 'c:\\Program Files\\nodejs\\node.exe',
1 verbose cli   'c:\\Program Files\\nodejs\\node_modules\\npm\\bin\\npm-cli.js',
1 verbose cli   'install' ]
2 info using npm@1.4.9
3 info using node@v0.10.28
4 verbose readDependencies using package.json deps
5 verbose install where, deps [ 'c:\\Users\\jorge.bolpe\\Desktop\\angularBoilerPlate\\angular-phonecat',
5 verbose install   [ 'karma',
5 verbose install     'karma-chrome-launcher',
5 verbose install     'karma-jasmine',
5 verbose install     'protractor',
5 verbose install     'http-server',
5 verbose install     'tmp',
5 verbose install     'bower',
5 verbose install     'shelljs' ] ]
6 info preinstall angular-phonecat@0.0.0
7 verbose readDependencies using package.json deps
8 verbose already installed skipping karma@^0.12.16 c:\Users\jorge.bolpe\Desktop\angularBoilerPlate\angular-phonecat
9 verbose already installed skipping karma-chrome-launcher@^0.1.4 c:\Users\jorge.bolpe\Desktop\angularBoilerPlate\angular-phonecat
10 verbose already installed skipping karma-jasmine@^0.1.5 c:\Users\jorge.bolpe\Desktop\angularBoilerPlate\angular-phonecat
11 verbose already installed skipping protractor@~1.0.0 c:\Users\jorge.bolpe\Desktop\angularBoilerPlate\angular-phonecat
12 verbose already installed skipping http-server@^0.6.1 c:\Users\jorge.bolpe\Desktop\angularBoilerPlate\angular-phonecat
13 verbose already installed skipping tmp@0.0.23 c:\Users\jorge.bolpe\Desktop\angularBoilerPlate\angular-phonecat
14 verbose already installed skipping bower@^1.3.1 c:\Users\jorge.bolpe\Desktop\angularBoilerPlate\angular-phonecat
15 verbose already installed skipping shelljs@^0.2.6 c:\Users\jorge.bolpe\Desktop\angularBoilerPlate\angular-phonecat
16 silly resolved []
17 info build c:\Users\jorge.bolpe\Desktop\angularBoilerPlate\angular-phonecat
18 verbose linkStuff [ false,
18 verbose linkStuff   false,
18 verbose linkStuff   false,
18 verbose linkStuff   'c:\\Users\\jorge.bolpe\\Desktop\\angularBoilerPlate' ]
19 info linkStuff angular-phonecat@0.0.0
20 verbose linkBins angular-phonecat@0.0.0
21 verbose linkMans angular-phonecat@0.0.0
22 verbose rebuildBundles angular-phonecat@0.0.0
23 verbose rebuildBundles [ '.bin',
23 verbose rebuildBundles   'bower',
23 verbose rebuildBundles   'http-server',
23 verbose rebuildBundles   'karma',
23 verbose rebuildBundles   'karma-chrome-launcher',
23 verbose rebuildBundles   'karma-jasmine',
23 verbose rebuildBundles   'protractor',
23 verbose rebuildBundles   'shelljs',
23 verbose rebuildBundles   'tmp' ]
24 info install angular-phonecat@0.0.0
25 info postinstall angular-phonecat@0.0.0
26 verbose unsafe-perm in lifecycle true
27 info angular-phonecat@0.0.0 Failed to exec postinstall script
28 error angular-phonecat@0.0.0 postinstall: `bower install`
28 error Exit status 1
29 error Failed at the angular-phonecat@0.0.0 postinstall script.
29 error This is most likely a problem with the angular-phonecat package,
29 error not with npm itself.
29 error Tell the author that this fails on your system:
29 error     bower install
29 error You can get their info via:
29 error     npm owner ls angular-phonecat
29 error There is likely additional logging output above.
30 error System Windows_NT 6.1.7601
31 error command "c:\\Program Files\\nodejs\\node.exe" "c:\\Program Files\\nodejs\\node_modules\\npm\\bin\\npm-cli.js" "install"
32 error cwd c:\Users\jorge.bolpe\Desktop\angularBoilerPlate\angular-phonecat
33 error node -v v0.10.28
34 error npm -v 1.4.9
35 error code ELIFECYCLE
36 verbose exit [ 1, true ]
